<?xml version="1.0" encoding="UTF-8"?>
<testsuite name="com.jmbg.advertisement.helper.ScoreHelperTest" tests="1" skipped="0" failures="0" errors="0" timestamp="2019-05-12T21:34:16" hostname="Chemy-MacBook-Pro.local" time="0.006">
  <properties/>
  <testcase name="testScoreCalculation" classname="com.jmbg.advertisement.helper.ScoreHelperTest" time="0.006"/>
  <system-out><![CDATA[2019-05-12 23:34:14.918  INFO 15529 --- [    Test worker] .b.t.c.SpringBootTestContextBootstrapper : Neither @ContextConfiguration nor @ContextHierarchy found for test class [com.jmbg.advertisement.helper.ScoreHelperTest], using SpringBootContextLoader
2019-05-12 23:34:14.919  INFO 15529 --- [    Test worker] o.s.t.c.support.AbstractContextLoader    : Could not detect default resource locations for test class [com.jmbg.advertisement.helper.ScoreHelperTest]: no resource found for suffixes {-context.xml, Context.groovy}.
2019-05-12 23:34:14.919  INFO 15529 --- [    Test worker] t.c.s.AnnotationConfigContextLoaderUtils : Could not detect default configuration classes for test class [com.jmbg.advertisement.helper.ScoreHelperTest]: ScoreHelperTest does not declare any static, non-private, non-final, nested classes annotated with @Configuration.
2019-05-12 23:34:14.924  INFO 15529 --- [    Test worker] .b.t.c.SpringBootTestContextBootstrapper : Found @SpringBootConfiguration com.jmbg.advertisement.Application for test class com.jmbg.advertisement.helper.ScoreHelperTest
2019-05-12 23:34:14.926  INFO 15529 --- [    Test worker] .b.t.c.SpringBootTestContextBootstrapper : Loaded default TestExecutionListener class names from location [META-INF/spring.factories]: [org.springframework.boot.test.autoconfigure.restdocs.RestDocsTestExecutionListener, org.springframework.boot.test.autoconfigure.web.client.MockRestServiceServerResetTestExecutionListener, org.springframework.boot.test.autoconfigure.web.servlet.MockMvcPrintOnlyOnFailureTestExecutionListener, org.springframework.boot.test.autoconfigure.web.servlet.WebDriverTestExecutionListener, org.springframework.boot.test.mock.mockito.MockitoTestExecutionListener, org.springframework.boot.test.mock.mockito.ResetMocksTestExecutionListener, org.springframework.test.context.web.ServletTestExecutionListener, org.springframework.test.context.support.DirtiesContextBeforeModesTestExecutionListener, org.springframework.test.context.support.DependencyInjectionTestExecutionListener, org.springframework.test.context.support.DirtiesContextTestExecutionListener, org.springframework.test.context.transaction.TransactionalTestExecutionListener, org.springframework.test.context.jdbc.SqlScriptsTestExecutionListener]
2019-05-12 23:34:14.926  INFO 15529 --- [    Test worker] .b.t.c.SpringBootTestContextBootstrapper : Using TestExecutionListeners: [org.springframework.test.context.web.ServletTestExecutionListener@67b51c84, org.springframework.test.context.support.DirtiesContextBeforeModesTestExecutionListener@6e8aba4f, org.springframework.boot.test.mock.mockito.MockitoTestExecutionListener@f0ed434, org.springframework.boot.test.autoconfigure.SpringBootDependencyInjectionTestExecutionListener@440008a3, org.springframework.test.context.support.DirtiesContextTestExecutionListener@b1e7d9b, org.springframework.test.context.transaction.TransactionalTestExecutionListener@307df675, org.springframework.test.context.jdbc.SqlScriptsTestExecutionListener@492b3b3a, org.springframework.boot.test.autoconfigure.restdocs.RestDocsTestExecutionListener@daa67ac, org.springframework.boot.test.autoconfigure.web.client.MockRestServiceServerResetTestExecutionListener@75202127, org.springframework.boot.test.autoconfigure.web.servlet.MockMvcPrintOnlyOnFailureTestExecutionListener@2ab1afa8, org.springframework.boot.test.autoconfigure.web.servlet.WebDriverTestExecutionListener@3a53a32f, org.springframework.boot.test.mock.mockito.ResetMocksTestExecutionListener@641a24ce]

  .   ____          _            __ _ _
 /\\ / ___'_ __ _ _(_)_ __  __ _ \ \ \ \
( ( )\___ | '_ | '_| | '_ \/ _` | \ \ \ \
 \\/  ___)| |_)| | | | | || (_| |  ) ) ) )
  '  |____| .__|_| |_|_| |_\__, | / / / /
 =========|_|==============|___/=/_/_/_/
 :: Spring Boot ::        (v2.1.4.RELEASE)

2019-05-12 23:34:14.951  INFO 15529 --- [    Test worker] c.j.a.helper.ScoreHelperTest             : Starting ScoreHelperTest on Chemy-MacBook-Pro.local with PID 15529 (started by jmblanco in /Users/jmblanco/Projects/Personal/SpringBoot/spring-boot-advertisement)
2019-05-12 23:34:14.954  INFO 15529 --- [    Test worker] c.j.a.helper.ScoreHelperTest             : No active profile set, falling back to default profiles: default
2019-05-12 23:34:15.136  INFO 15529 --- [    Test worker] .s.d.r.c.RepositoryConfigurationDelegate : Bootstrapping Spring Data repositories in DEFAULT mode.
2019-05-12 23:34:15.152  INFO 15529 --- [    Test worker] .s.d.r.c.RepositoryConfigurationDelegate : Finished Spring Data repository scanning in 16ms. Found 2 repository interfaces.
2019-05-12 23:34:15.222  INFO 15529 --- [    Test worker] trationDelegate$BeanPostProcessorChecker : Bean 'org.springframework.transaction.annotation.ProxyTransactionManagementConfiguration' of type [org.springframework.transaction.annotation.ProxyTransactionManagementConfiguration$$EnhancerBySpringCGLIB$$b770eb7a] is not eligible for getting processed by all BeanPostProcessors (for example: not eligible for auto-proxying)
2019-05-12 23:34:15.289  INFO 15529 --- [    Test worker] com.zaxxer.hikari.HikariDataSource       : HikariPool-2 - Starting...
2019-05-12 23:34:15.291  INFO 15529 --- [    Test worker] com.zaxxer.hikari.HikariDataSource       : HikariPool-2 - Start completed.
2019-05-12 23:34:15.315  INFO 15529 --- [    Test worker] o.hibernate.jpa.internal.util.LogHelper  : HHH000204: Processing PersistenceUnitInfo [
	name: default
	...]
2019-05-12 23:34:15.321  INFO 15529 --- [    Test worker] org.hibernate.dialect.Dialect            : HHH000400: Using dialect: org.hibernate.dialect.H2Dialect
Hibernate: drop table ad_pic if exists
Hibernate: drop table advertisement if exists
Hibernate: drop table picture if exists
Hibernate: create table ad_pic (ad_id integer not null, pic_id integer not null)
Hibernate: create table advertisement (id integer generated by default as identity, description varchar(255) not null, garden_size integer, house_size integer, irrelevant_from bigint, score integer, typology varchar(255) not null, primary key (id))
Hibernate: create table picture (id integer generated by default as identity, quality varchar(255) not null, url varchar(255) not null, primary key (id))
Hibernate: alter table ad_pic add constraint FK7d77bljus9n8hat5l8ngl8los foreign key (pic_id) references picture
Hibernate: alter table ad_pic add constraint FK1jg898m9n0ykgus3nnxx540w0 foreign key (ad_id) references advertisement
2019-05-12 23:34:15.385  INFO 15529 --- [    Test worker] o.h.t.schema.internal.SchemaCreatorImpl  : HHH000476: Executing import script 'org.hibernate.tool.schema.internal.exec.ScriptSourceInputNonExistentImpl@f2b5fd6'
2019-05-12 23:34:15.385  INFO 15529 --- [    Test worker] j.LocalContainerEntityManagerFactoryBean : Initialized JPA EntityManagerFactory for persistence unit 'default'
2019-05-12 23:34:15.743  INFO 15529 --- [    Test worker] o.s.s.concurrent.ThreadPoolTaskExecutor  : Initializing ExecutorService 'applicationTaskExecutor'
2019-05-12 23:34:15.755  WARN 15529 --- [    Test worker] aWebConfiguration$JpaWebMvcConfiguration : spring.jpa.open-in-view is enabled by default. Therefore, database queries may be performed during view rendering. Explicitly configure spring.jpa.open-in-view to disable this warning
2019-05-12 23:34:15.966  INFO 15529 --- [    Test worker] c.j.a.helper.ScoreHelperTest             : Started ScoreHelperTest in 1.038 seconds (JVM running for 12.171)
2019-05-12 23:34:15.968  INFO 15529 --- [    Test worker] com.jmbg.advertisement.DBInit            : Starting DB Init!
2019-05-12 23:34:15.968  INFO 15529 --- [    Test worker] com.jmbg.advertisement.DBInit            : Loading Pictures
Hibernate: select picture0_.id as id1_2_0_, picture0_.quality as quality2_2_0_, picture0_.url as url3_2_0_ from picture picture0_ where picture0_.id=?
Hibernate: insert into picture (id, quality, url) values (null, ?, ?)
Hibernate: select picture0_.id as id1_2_0_, picture0_.quality as quality2_2_0_, picture0_.url as url3_2_0_ from picture picture0_ where picture0_.id=?
Hibernate: insert into picture (id, quality, url) values (null, ?, ?)
Hibernate: select picture0_.id as id1_2_0_, picture0_.quality as quality2_2_0_, picture0_.url as url3_2_0_ from picture picture0_ where picture0_.id=?
Hibernate: insert into picture (id, quality, url) values (null, ?, ?)
Hibernate: select picture0_.id as id1_2_0_, picture0_.quality as quality2_2_0_, picture0_.url as url3_2_0_ from picture picture0_ where picture0_.id=?
Hibernate: insert into picture (id, quality, url) values (null, ?, ?)
Hibernate: select picture0_.id as id1_2_0_, picture0_.quality as quality2_2_0_, picture0_.url as url3_2_0_ from picture picture0_ where picture0_.id=?
Hibernate: insert into picture (id, quality, url) values (null, ?, ?)
Hibernate: select picture0_.id as id1_2_0_, picture0_.quality as quality2_2_0_, picture0_.url as url3_2_0_ from picture picture0_ where picture0_.id=?
Hibernate: insert into picture (id, quality, url) values (null, ?, ?)
Hibernate: select picture0_.id as id1_2_0_, picture0_.quality as quality2_2_0_, picture0_.url as url3_2_0_ from picture picture0_ where picture0_.id=?
Hibernate: insert into picture (id, quality, url) values (null, ?, ?)
2019-05-12 23:34:15.991  INFO 15529 --- [    Test worker] com.jmbg.advertisement.DBInit            : Number of pictures created: 7
2019-05-12 23:34:15.991  INFO 15529 --- [    Test worker] com.jmbg.advertisement.DBInit            : Loading Advertisements
Hibernate: select advertisem0_.id as id1_1_0_, advertisem0_.description as descript2_1_0_, advertisem0_.garden_size as garden_s3_1_0_, advertisem0_.house_size as house_si4_1_0_, advertisem0_.irrelevant_from as irreleva5_1_0_, advertisem0_.score as score6_1_0_, advertisem0_.typology as typology7_1_0_ from advertisement advertisem0_ where advertisem0_.id=?
Hibernate: select advertisem0_.id as id1_1_0_, advertisem0_.description as descript2_1_0_, advertisem0_.garden_size as garden_s3_1_0_, advertisem0_.house_size as house_si4_1_0_, advertisem0_.irrelevant_from as irreleva5_1_0_, advertisem0_.score as score6_1_0_, advertisem0_.typology as typology7_1_0_ from advertisement advertisem0_ where advertisem0_.id=?
Hibernate: insert into advertisement (id, description, garden_size, house_size, irrelevant_from, score, typology) values (null, ?, ?, ?, ?, ?, ?)
Hibernate: select advertisem0_.id as id1_1_0_, advertisem0_.description as descript2_1_0_, advertisem0_.garden_size as garden_s3_1_0_, advertisem0_.house_size as house_si4_1_0_, advertisem0_.irrelevant_from as irreleva5_1_0_, advertisem0_.score as score6_1_0_, advertisem0_.typology as typology7_1_0_ from advertisement advertisem0_ where advertisem0_.id=?
Hibernate: select picture0_.id as id1_2_0_, picture0_.quality as quality2_2_0_, picture0_.url as url3_2_0_ from picture picture0_ where picture0_.id=?
Hibernate: select advertisem0_.id as id1_1_0_, advertisem0_.description as descript2_1_0_, advertisem0_.garden_size as garden_s3_1_0_, advertisem0_.house_size as house_si4_1_0_, advertisem0_.irrelevant_from as irreleva5_1_0_, advertisem0_.score as score6_1_0_, advertisem0_.typology as typology7_1_0_ from advertisement advertisem0_ where advertisem0_.id=?
Hibernate: insert into advertisement (id, description, garden_size, house_size, irrelevant_from, score, typology) values (null, ?, ?, ?, ?, ?, ?)
Hibernate: select picture0_.id as id1_2_0_, picture0_.quality as quality2_2_0_, picture0_.url as url3_2_0_ from picture picture0_ where picture0_.id=?
Hibernate: insert into ad_pic (ad_id, pic_id) values (?, ?)
Hibernate: select advertisem0_.id as id1_1_0_, advertisem0_.description as descript2_1_0_, advertisem0_.garden_size as garden_s3_1_0_, advertisem0_.house_size as house_si4_1_0_, advertisem0_.irrelevant_from as irreleva5_1_0_, advertisem0_.score as score6_1_0_, advertisem0_.typology as typology7_1_0_ from advertisement advertisem0_ where advertisem0_.id=?
Hibernate: select picture0_.id as id1_2_0_, picture0_.quality as quality2_2_0_, picture0_.url as url3_2_0_ from picture picture0_ where picture0_.id=?
Hibernate: select advertisem0_.id as id1_1_0_, advertisem0_.description as descript2_1_0_, advertisem0_.garden_size as garden_s3_1_0_, advertisem0_.house_size as house_si4_1_0_, advertisem0_.irrelevant_from as irreleva5_1_0_, advertisem0_.score as score6_1_0_, advertisem0_.typology as typology7_1_0_ from advertisement advertisem0_ where advertisem0_.id=?
Hibernate: insert into advertisement (id, description, garden_size, house_size, irrelevant_from, score, typology) values (null, ?, ?, ?, ?, ?, ?)
Hibernate: select picture0_.id as id1_2_0_, picture0_.quality as quality2_2_0_, picture0_.url as url3_2_0_ from picture picture0_ where picture0_.id=?
Hibernate: insert into ad_pic (ad_id, pic_id) values (?, ?)
Hibernate: select advertisem0_.id as id1_1_0_, advertisem0_.description as descript2_1_0_, advertisem0_.garden_size as garden_s3_1_0_, advertisem0_.house_size as house_si4_1_0_, advertisem0_.irrelevant_from as irreleva5_1_0_, advertisem0_.score as score6_1_0_, advertisem0_.typology as typology7_1_0_ from advertisement advertisem0_ where advertisem0_.id=?
Hibernate: select picture0_.id as id1_2_0_, picture0_.quality as quality2_2_0_, picture0_.url as url3_2_0_ from picture picture0_ where picture0_.id=?
Hibernate: select advertisem0_.id as id1_1_0_, advertisem0_.description as descript2_1_0_, advertisem0_.garden_size as garden_s3_1_0_, advertisem0_.house_size as house_si4_1_0_, advertisem0_.irrelevant_from as irreleva5_1_0_, advertisem0_.score as score6_1_0_, advertisem0_.typology as typology7_1_0_ from advertisement advertisem0_ where advertisem0_.id=?
Hibernate: insert into advertisement (id, description, garden_size, house_size, irrelevant_from, score, typology) values (null, ?, ?, ?, ?, ?, ?)
Hibernate: select picture0_.id as id1_2_0_, picture0_.quality as quality2_2_0_, picture0_.url as url3_2_0_ from picture picture0_ where picture0_.id=?
Hibernate: insert into ad_pic (ad_id, pic_id) values (?, ?)
Hibernate: select advertisem0_.id as id1_1_0_, advertisem0_.description as descript2_1_0_, advertisem0_.garden_size as garden_s3_1_0_, advertisem0_.house_size as house_si4_1_0_, advertisem0_.irrelevant_from as irreleva5_1_0_, advertisem0_.score as score6_1_0_, advertisem0_.typology as typology7_1_0_ from advertisement advertisem0_ where advertisem0_.id=?
Hibernate: select picture0_.id as id1_2_0_, picture0_.quality as quality2_2_0_, picture0_.url as url3_2_0_ from picture picture0_ where picture0_.id=?
Hibernate: select picture0_.id as id1_2_0_, picture0_.quality as quality2_2_0_, picture0_.url as url3_2_0_ from picture picture0_ where picture0_.id=?
Hibernate: select advertisem0_.id as id1_1_0_, advertisem0_.description as descript2_1_0_, advertisem0_.garden_size as garden_s3_1_0_, advertisem0_.house_size as house_si4_1_0_, advertisem0_.irrelevant_from as irreleva5_1_0_, advertisem0_.score as score6_1_0_, advertisem0_.typology as typology7_1_0_ from advertisement advertisem0_ where advertisem0_.id=?
Hibernate: insert into advertisement (id, description, garden_size, house_size, irrelevant_from, score, typology) values (null, ?, ?, ?, ?, ?, ?)
Hibernate: select picture0_.id as id1_2_0_, picture0_.quality as quality2_2_0_, picture0_.url as url3_2_0_ from picture picture0_ where picture0_.id=?
Hibernate: select picture0_.id as id1_2_0_, picture0_.quality as quality2_2_0_, picture0_.url as url3_2_0_ from picture picture0_ where picture0_.id=?
Hibernate: insert into ad_pic (ad_id, pic_id) values (?, ?)
Hibernate: insert into ad_pic (ad_id, pic_id) values (?, ?)
Hibernate: select advertisem0_.id as id1_1_0_, advertisem0_.description as descript2_1_0_, advertisem0_.garden_size as garden_s3_1_0_, advertisem0_.house_size as house_si4_1_0_, advertisem0_.irrelevant_from as irreleva5_1_0_, advertisem0_.score as score6_1_0_, advertisem0_.typology as typology7_1_0_ from advertisement advertisem0_ where advertisem0_.id=?
Hibernate: select picture0_.id as id1_2_0_, picture0_.quality as quality2_2_0_, picture0_.url as url3_2_0_ from picture picture0_ where picture0_.id=?
Hibernate: select advertisem0_.id as id1_1_0_, advertisem0_.description as descript2_1_0_, advertisem0_.garden_size as garden_s3_1_0_, advertisem0_.house_size as house_si4_1_0_, advertisem0_.irrelevant_from as irreleva5_1_0_, advertisem0_.score as score6_1_0_, advertisem0_.typology as typology7_1_0_ from advertisement advertisem0_ where advertisem0_.id=?
Hibernate: insert into advertisement (id, description, garden_size, house_size, irrelevant_from, score, typology) values (null, ?, ?, ?, ?, ?, ?)
Hibernate: select picture0_.id as id1_2_0_, picture0_.quality as quality2_2_0_, picture0_.url as url3_2_0_ from picture picture0_ where picture0_.id=?
Hibernate: insert into ad_pic (ad_id, pic_id) values (?, ?)
Hibernate: select advertisem0_.id as id1_1_0_, advertisem0_.description as descript2_1_0_, advertisem0_.garden_size as garden_s3_1_0_, advertisem0_.house_size as house_si4_1_0_, advertisem0_.irrelevant_from as irreleva5_1_0_, advertisem0_.score as score6_1_0_, advertisem0_.typology as typology7_1_0_ from advertisement advertisem0_ where advertisem0_.id=?
Hibernate: select advertisem0_.id as id1_1_0_, advertisem0_.description as descript2_1_0_, advertisem0_.garden_size as garden_s3_1_0_, advertisem0_.house_size as house_si4_1_0_, advertisem0_.irrelevant_from as irreleva5_1_0_, advertisem0_.score as score6_1_0_, advertisem0_.typology as typology7_1_0_ from advertisement advertisem0_ where advertisem0_.id=?
Hibernate: insert into advertisement (id, description, garden_size, house_size, irrelevant_from, score, typology) values (null, ?, ?, ?, ?, ?, ?)
Hibernate: select advertisem0_.id as id1_1_0_, advertisem0_.description as descript2_1_0_, advertisem0_.garden_size as garden_s3_1_0_, advertisem0_.house_size as house_si4_1_0_, advertisem0_.irrelevant_from as irreleva5_1_0_, advertisem0_.score as score6_1_0_, advertisem0_.typology as typology7_1_0_ from advertisement advertisem0_ where advertisem0_.id=?
Hibernate: select picture0_.id as id1_2_0_, picture0_.quality as quality2_2_0_, picture0_.url as url3_2_0_ from picture picture0_ where picture0_.id=?
Hibernate: select picture0_.id as id1_2_0_, picture0_.quality as quality2_2_0_, picture0_.url as url3_2_0_ from picture picture0_ where picture0_.id=?
Hibernate: select advertisem0_.id as id1_1_0_, advertisem0_.description as descript2_1_0_, advertisem0_.garden_size as garden_s3_1_0_, advertisem0_.house_size as house_si4_1_0_, advertisem0_.irrelevant_from as irreleva5_1_0_, advertisem0_.score as score6_1_0_, advertisem0_.typology as typology7_1_0_ from advertisement advertisem0_ where advertisem0_.id=?
Hibernate: insert into advertisement (id, description, garden_size, house_size, irrelevant_from, score, typology) values (null, ?, ?, ?, ?, ?, ?)
Hibernate: select picture0_.id as id1_2_0_, picture0_.quality as quality2_2_0_, picture0_.url as url3_2_0_ from picture picture0_ where picture0_.id=?
Hibernate: select picture0_.id as id1_2_0_, picture0_.quality as quality2_2_0_, picture0_.url as url3_2_0_ from picture picture0_ where picture0_.id=?
Hibernate: insert into ad_pic (ad_id, pic_id) values (?, ?)
Hibernate: insert into ad_pic (ad_id, pic_id) values (?, ?)
2019-05-12 23:34:16.066  INFO 15529 --- [    Test worker] com.jmbg.advertisement.DBInit            : Number of advertisements created: 8
]]></system-out>
  <system-err><![CDATA[]]></system-err>
</testsuite>
